2024-04-20 10:15:25 [INFO:1043] El servidor se ha iniciado correctamente.
2024-04-20 10:20:12 [WARNING:1024] Advertencia: Se ha detectado un aumento inusual en el tráfico de red.
2024-04-20 10:25:45 [ERROR:1067] No se pudo acceder a la base de datos.
2024-04-20 10:30:01 [INFO:1055] Actualización del sistema completada con éxito.
2024-04-20 10:35:20 [DEBUG:1076] Detalles de la solicitud recibida: IP=192.168.1.100, Ruta=/api/data, Método=GET
2024-04-20 10:40:10 [INFO:1038] Se ha enviado un correo electrónico de confirmación.
2024-04-20 10:45:55 [WARNING:1013] Advertencia: El espacio en disco está por agotarse.
2024-04-20 10:50:30 [ERROR:1069] El servidor web ha dejado de responder.
2024-04-20 10:55:18 [INFO:1073] Respuesta enviada al cliente: Código=200, Tamaño=358 bytes.
2024-04-20 11:00:05 [DEBUG:1066] Datos de la sesión almacenados en caché: ID=123456, Duración=600 segundos.
2024-04-20 11:05:40 [INFO:1057] Se ha registrado un nuevo usuario en el sistema.
2024-04-20 11:10:22 [INFO:1064] La conexión a la base de datos se ha restablecido.
2024-04-20 11:15:11 [WARNING:1092] Advertencia: El rendimiento del servidor ha decaído.
2024-04-20 11:20:07 [ERROR:1049] Se ha producido un fallo en el sistema.
2024-04-20 11:25:30 [DEBUG:1074] Datos de depuración: Variable1=valor1, Variable2=valor2.
2024-04-20 11:30:18 [INFO:1031] Se ha completado la tarea de copia de seguridad.
2024-04-20 11:35:45 [INFO:1032] El servidor ha alcanzado un estado estable.
2024-04-20 11:40:33 [WARNING:1056] Advertencia: Se ha detectado un intento de acceso no autorizado.
2024-04-20 11:45:20 [ERROR:1085] El servicio de correo electrónico está caído.
2024-04-20 11:50:10 [DEBUG:1084] Detalles del error: Código=500, Descripción="Error interno del servidor".
2024-04-20 11:55:05 [INFO:1026] Se ha activado el modo de mantenimiento.
2024-04-20 12:00:01 [INFO:1027] Se ha iniciado una tarea programada de limpieza.
2024-04-20 12:05:22 [WARNING:1068] Advertencia: La memoria del sistema está casi llena.
2024-04-20 12:10:15 [ERROR:1019] No se puede acceder al archivo de configuración.
2024-04-20 12:15:30 [DEBUG:1097] Datos de depuración: Usuario=admin, Acción=iniciar sesión.
2024-04-20 12:20:18 [INFO:1054] Se ha restablecido la conexión de red.
2024-04-20 12:25:10 [INFO:1019] El servidor ha experimentado un reinicio inesperado.
2024-04-20 12:30:05 [WARNING:1099] Advertencia: Se ha superado el límite de conexiones simultáneas.
2024-04-20 12:35:40 [ERROR:1072] El disco duro está fallando.
2024-04-20 12:40:29 [DEBUG:1037] Detalles de la solicitud recibida: IP=192.168.1.101, Ruta=/api/users, Método=POST.
2024-04-20 12:45:15 [INFO:1093] Se ha realizado una actualización de seguridad.
2024-04-20 12:50:09 [INFO:1039] El servidor ha vuelto a estar disponible después de un mantenimiento programado.
2024-04-20 12:55:02 [WARNING:1042] Advertencia: Se ha detectado un intento de ataque por fuerza bruta.
2024-04-20 13:00:00 [ERROR:1091] No se puede conectar al servidor externo.
2024-04-20 13:05:20 [DEBUG:1028] Detalles de la respuesta: Código=404, Mensaje="Recurso no encontrado".
2024-04-20 13:10:18 [INFO:1079] Se ha completado la importación de datos.
2024-04-20 13:15:05 [INFO:1011] Se ha modificado la configuración del sistema.
